<?xml version="1.0" encoding="UTF-8"?>
<testng-results skipped="0" failed="0" ignored="0" total="1" passed="1">
  <reporter-output>
  </reporter-output>
  <suite name="Default suite" duration-ms="22932" started-at="2019-09-30T15:59:47 MDT" finished-at="2019-09-30T16:00:10 MDT">
    <groups>
    </groups>
    <test name="Default test" duration-ms="22932" started-at="2019-09-30T15:59:47 MDT" finished-at="2019-09-30T16:00:10 MDT">
      <class name="com.tgc.testautomation.testSelenium.prueba">
        <test-method status="PASS" signature="testprueba()[pri:0, instance:com.tgc.testautomation.testSelenium.prueba@3b084709]" name="testprueba" duration-ms="22882" started-at="2019-09-30T15:59:47 MDT" finished-at="2019-09-30T16:00:10 MDT">
          <reporter-output>
          </reporter-output>
        </test-method> <!-- testprueba -->
      </class> <!-- com.tgc.testautomation.testSelenium.prueba -->
    </test> <!-- Default test -->
  </suite> <!-- Default suite -->
</testng-results>
